CUDA_VISIBLE_DEVICES=7 python3 train_transe_HIWN.py 

Input Files Path : ./benchmarks/HIWN/
The toolkit is importing datasets.
The total of relations is 16.
The total of entities is 39691.
The total of train triples is 94498.
Input Files Path : ./benchmarks/HIWN/
The total of test triples is 944.
The total of valid triples is 945.
Finish initializing...
Epoch 999 | loss: 0.055017: 100%|████████████████████████████████████████████████████████████████████████████████████████████████████████████████████████████████████████████████| 1000/1000 [12:27<00:00,  1.34it/s]
100%|█████████████████████████████████████████████████████████████████████████████████████████████████████████████████████████████████████████████████████████████████████████████| 944/944 [00:02<00:00, 369.83it/s]
no type constraint results:
metric:			 MRR 		 MR 		 hit@10 	 hit@3  	 hit@1 
l(raw):			 0.003577 	 5245.104980 	 0.006356 	 0.003178 	 0.000000 
r(raw):			 0.289316 	 749.184326 	 0.653602 	 0.440678 	 0.077331 
averaged(raw):		 0.146446 	 2997.144531 	 0.329979 	 0.221928 	 0.038665 

l(filter):		 0.024382 	 4104.777344 	 0.055085 	 0.022246 	 0.008475 
r(filter):		 0.324175 	 748.903625 	 0.656780 	 0.468220 	 0.119703 
averaged(filter):	 0.174279 	 2426.840576 	 0.355932 	 0.245233 	 0.064089 
0.355932
0.35593220591545105

CUDA_VISIBLE_DEVICES=7 python3 train_transh_HIWN.py

Input Files Path : ./benchmarks/HIWN/
The toolkit is importing datasets.
The total of relations is 16.
The total of entities is 39691.
The total of train triples is 94498.
Input Files Path : ./benchmarks/HIWN/
The total of test triples is 944.
The total of valid triples is 945.
Finish initializing...
Epoch 999 | loss: 0.026845: 100%|████████████████████████████████████████████████████████████████████████████████████████████████████████████████████████████████████████████████| 1000/1000 [19:39<00:00,  1.18s/it]
100%|█████████████████████████████████████████████████████████████████████████████████████████████████████████████████████████████████████████████████████████████████████████████| 944/944 [00:04<00:00, 233.42it/s]
no type constraint results:
metric:			 MRR 		 MR 		 hit@10 	 hit@3  	 hit@1 
l(raw):			 0.002590 	 6728.496582 	 0.006356 	 0.001059 	 0.000000 
r(raw):			 0.240437 	 1000.100647 	 0.610169 	 0.388771 	 0.033898 
averaged(raw):		 0.121514 	 3864.298584 	 0.308263 	 0.194915 	 0.016949 

l(filter):		 0.018818 	 5586.023438 	 0.048729 	 0.013771 	 0.005297 
r(filter):		 0.267829 	 999.817810 	 0.619703 	 0.421610 	 0.057203 
averaged(filter):	 0.143323 	 3292.920654 	 0.334216 	 0.217691 	 0.031250 
0.334216
0.3342161178588867

CUDA_VISIBLE_DEVICES=7 python3 train_transd_HIWN.py 
Input Files Path : ./benchmarks/HIWN/
The toolkit is importing datasets.
The total of relations is 16.
The total of entities is 39691.
The total of train triples is 94498.
Input Files Path : ./benchmarks/HIWN/
The total of test triples is 944.
The total of valid triples is 945.
Finish initializing...
Epoch 999 | loss: 0.023147: 100%|████████████████████████████████████████████████████████████████████████████████████████████████████████████████████████████████████████████████| 1000/1000 [20:49<00:00,  1.25s/it]
100%|█████████████████████████████████████████████████████████████████████████████████████████████████████████████████████████████████████████████████████████████████████████████| 944/944 [00:04<00:00, 220.58it/s]
no type constraint results:
metric:			 MRR 		 MR 		 hit@10 	 hit@3  	 hit@1 
l(raw):			 0.002589 	 6476.420410 	 0.005297 	 0.001059 	 0.000000 
r(raw):			 0.236252 	 679.204468 	 0.615466 	 0.385593 	 0.028602 
averaged(raw):		 0.119421 	 3577.812500 	 0.310381 	 0.193326 	 0.014301 

l(filter):		 0.018122 	 5333.780762 	 0.043432 	 0.012712 	 0.006356 
r(filter):		 0.262544 	 678.919495 	 0.619703 	 0.421610 	 0.048729 
averaged(filter):	 0.140333 	 3006.350098 	 0.331568 	 0.217161 	 0.027542 
0.331568
0.33156779408454895

CUDA_VISIBLE_DEVICES=7 python3 train_complex_HIWN.py 

Input Files Path : ./benchmarks/HIWN/
The toolkit is importing datasets.
The total of relations is 16.
The total of entities is 39691.
The total of train triples is 94498.
Input Files Path : ./benchmarks/HIWN/
The total of test triples is 944.
The total of valid triples is 945.
Finish initializing...
Epoch 1999 | loss: 3.418996: 100%|███████████████████████████████████████████████████████████████████████████████████████████████████████████████████████████████████████████████| 2000/2000 [55:57<00:00,  1.68s/it]
100%|█████████████████████████████████████████████████████████████████████████████████████████████████████████████████████████████████████████████████████████████████████████████| 944/944 [00:05<00:00, 182.93it/s]
no type constraint results:
metric:			 MRR 		 MR 		 hit@10 	 hit@3  	 hit@1 
l(raw):			 0.001560 	 6029.313477 	 0.001059 	 0.000000 	 0.000000 
r(raw):			 0.354835 	 1373.413086 	 0.522246 	 0.413136 	 0.254237 
averaged(raw):		 0.178197 	 3701.363281 	 0.261653 	 0.206568 	 0.127119 

l(filter):		 0.004031 	 4936.106934 	 0.008475 	 0.001059 	 0.000000 
r(filter):		 0.399835 	 1373.155762 	 0.525424 	 0.427966 	 0.325212 
averaged(filter):	 0.201933 	 3154.631348 	 0.266949 	 0.214513 	 0.162606 
0.266949
0.2669491469860077


CUDA_VISIBLE_DEVICES=7 python3 train_distmult_HIWN.py 
Input Files Path : ./benchmarks/HIWN/
The toolkit is importing datasets.
The total of relations is 16.
The total of entities is 39691.
The total of train triples is 94498.
Input Files Path : ./benchmarks/HIWN/
The total of test triples is 944.
The total of valid triples is 945.
Finish initializing...
Epoch 1999 | loss: 6.762368: 100%|███████████████████████████████████████████████████████████████████████████████████████████████████████████████████████████████████████████████| 2000/2000 [30:40<00:00,  1.09it/s]
100%|█████████████████████████████████████████████████████████████████████████████████████████████████████████████████████████████████████████████████████████████████████████████| 944/944 [00:02<00:00, 433.43it/s]
no type constraint results:
metric:			 MRR 		 MR 		 hit@10 	 hit@3  	 hit@1 
l(raw):			 0.001194 	 5707.091309 	 0.001059 	 0.000000 	 0.000000 
r(raw):			 0.337404 	 769.807190 	 0.510593 	 0.404661 	 0.229873 
averaged(raw):		 0.169299 	 3238.449219 	 0.255826 	 0.202331 	 0.114936 

l(filter):		 0.001677 	 4649.096191 	 0.001059 	 0.000000 	 0.000000 
r(filter):		 0.371298 	 769.568848 	 0.511653 	 0.416314 	 0.282839 
averaged(filter):	 0.186488 	 2709.332520 	 0.256356 	 0.208157 	 0.141419 
0.256356
0.2563559114933014
